 
****************************************
Report : timing
        -path full
        -delay min
        -max_paths 20
Design : SYS_TOP
Version: K-2015.06
Date   : Fri Oct  6 15:57:36 2023
****************************************

Operating Conditions: scmetro_tsmc_cl013g_rvt_ff_1p32v_m40c   Library: scmetro_tsmc_cl013g_rvt_ff_1p32v_m40c
Wire Load Model Mode: top

  Startpoint: alu/ALU_OUT_reg[6]
              (rising edge-triggered flip-flop clocked by GATED_CLK)
  Endpoint: alu/ALU_OUT_reg[7]
            (rising edge-triggered flip-flop clocked by GATED_CLK)
  Path Group: GATED_CLK
  Path Type: min

  Point                                    Incr       Path
  -----------------------------------------------------------
  clock GATED_CLK (rise edge)              0.00       0.00
  clock network delay (ideal)              0.00       0.00
  alu/ALU_OUT_reg[6]/CK (SDFFRQX2M)        0.00       0.00 r
  alu/ALU_OUT_reg[6]/Q (SDFFRQX2M)         0.37       0.37 r
  alu/ALU_OUT_reg[7]/SI (SDFFRQX2M)        0.00       0.37 r
  data arrival time                                   0.37

  clock GATED_CLK (rise edge)              0.00       0.00
  clock network delay (ideal)              0.00       0.00
  clock uncertainty                        0.10       0.10
  alu/ALU_OUT_reg[7]/CK (SDFFRQX2M)        0.00       0.10 r
  library hold time                       -0.18      -0.08
  data required time                                 -0.08
  -----------------------------------------------------------
  data required time                                 -0.08
  data arrival time                                  -0.37
  -----------------------------------------------------------
  slack (MET)                                         0.45


  Startpoint: alu/ALU_OUT_reg[5]
              (rising edge-triggered flip-flop clocked by GATED_CLK)
  Endpoint: alu/ALU_OUT_reg[6]
            (rising edge-triggered flip-flop clocked by GATED_CLK)
  Path Group: GATED_CLK
  Path Type: min

  Point                                    Incr       Path
  -----------------------------------------------------------
  clock GATED_CLK (rise edge)              0.00       0.00
  clock network delay (ideal)              0.00       0.00
  alu/ALU_OUT_reg[5]/CK (SDFFRQX2M)        0.00       0.00 r
  alu/ALU_OUT_reg[5]/Q (SDFFRQX2M)         0.37       0.37 r
  alu/ALU_OUT_reg[6]/SI (SDFFRQX2M)        0.00       0.37 r
  data arrival time                                   0.37

  clock GATED_CLK (rise edge)              0.00       0.00
  clock network delay (ideal)              0.00       0.00
  clock uncertainty                        0.10       0.10
  alu/ALU_OUT_reg[6]/CK (SDFFRQX2M)        0.00       0.10 r
  library hold time                       -0.18      -0.08
  data required time                                 -0.08
  -----------------------------------------------------------
  data required time                                 -0.08
  data arrival time                                  -0.37
  -----------------------------------------------------------
  slack (MET)                                         0.45


  Startpoint: alu/ALU_OUT_reg[4]
              (rising edge-triggered flip-flop clocked by GATED_CLK)
  Endpoint: alu/ALU_OUT_reg[5]
            (rising edge-triggered flip-flop clocked by GATED_CLK)
  Path Group: GATED_CLK
  Path Type: min

  Point                                    Incr       Path
  -----------------------------------------------------------
  clock GATED_CLK (rise edge)              0.00       0.00
  clock network delay (ideal)              0.00       0.00
  alu/ALU_OUT_reg[4]/CK (SDFFRQX2M)        0.00       0.00 r
  alu/ALU_OUT_reg[4]/Q (SDFFRQX2M)         0.37       0.37 r
  alu/ALU_OUT_reg[5]/SI (SDFFRQX2M)        0.00       0.37 r
  data arrival time                                   0.37

  clock GATED_CLK (rise edge)              0.00       0.00
  clock network delay (ideal)              0.00       0.00
  clock uncertainty                        0.10       0.10
  alu/ALU_OUT_reg[5]/CK (SDFFRQX2M)        0.00       0.10 r
  library hold time                       -0.18      -0.08
  data required time                                 -0.08
  -----------------------------------------------------------
  data required time                                 -0.08
  data arrival time                                  -0.37
  -----------------------------------------------------------
  slack (MET)                                         0.45


  Startpoint: alu/ALU_OUT_reg[3]
              (rising edge-triggered flip-flop clocked by GATED_CLK)
  Endpoint: alu/ALU_OUT_reg[4]
            (rising edge-triggered flip-flop clocked by GATED_CLK)
  Path Group: GATED_CLK
  Path Type: min

  Point                                    Incr       Path
  -----------------------------------------------------------
  clock GATED_CLK (rise edge)              0.00       0.00
  clock network delay (ideal)              0.00       0.00
  alu/ALU_OUT_reg[3]/CK (SDFFRQX2M)        0.00       0.00 r
  alu/ALU_OUT_reg[3]/Q (SDFFRQX2M)         0.37       0.37 r
  alu/ALU_OUT_reg[4]/SI (SDFFRQX2M)        0.00       0.37 r
  data arrival time                                   0.37

  clock GATED_CLK (rise edge)              0.00       0.00
  clock network delay (ideal)              0.00       0.00
  clock uncertainty                        0.10       0.10
  alu/ALU_OUT_reg[4]/CK (SDFFRQX2M)        0.00       0.10 r
  library hold time                       -0.18      -0.08
  data required time                                 -0.08
  -----------------------------------------------------------
  data required time                                 -0.08
  data arrival time                                  -0.37
  -----------------------------------------------------------
  slack (MET)                                         0.45


  Startpoint: alu/ALU_OUT_reg[2]
              (rising edge-triggered flip-flop clocked by GATED_CLK)
  Endpoint: alu/ALU_OUT_reg[3]
            (rising edge-triggered flip-flop clocked by GATED_CLK)
  Path Group: GATED_CLK
  Path Type: min

  Point                                    Incr       Path
  -----------------------------------------------------------
  clock GATED_CLK (rise edge)              0.00       0.00
  clock network delay (ideal)              0.00       0.00
  alu/ALU_OUT_reg[2]/CK (SDFFRQX2M)        0.00       0.00 r
  alu/ALU_OUT_reg[2]/Q (SDFFRQX2M)         0.37       0.37 r
  alu/ALU_OUT_reg[3]/SI (SDFFRQX2M)        0.00       0.37 r
  data arrival time                                   0.37

  clock GATED_CLK (rise edge)              0.00       0.00
  clock network delay (ideal)              0.00       0.00
  clock uncertainty                        0.10       0.10
  alu/ALU_OUT_reg[3]/CK (SDFFRQX2M)        0.00       0.10 r
  library hold time                       -0.18      -0.08
  data required time                                 -0.08
  -----------------------------------------------------------
  data required time                                 -0.08
  data arrival time                                  -0.37
  -----------------------------------------------------------
  slack (MET)                                         0.45


  Startpoint: alu/ALU_OUT_reg[1]
              (rising edge-triggered flip-flop clocked by GATED_CLK)
  Endpoint: alu/ALU_OUT_reg[2]
            (rising edge-triggered flip-flop clocked by GATED_CLK)
  Path Group: GATED_CLK
  Path Type: min

  Point                                    Incr       Path
  -----------------------------------------------------------
  clock GATED_CLK (rise edge)              0.00       0.00
  clock network delay (ideal)              0.00       0.00
  alu/ALU_OUT_reg[1]/CK (SDFFRQX2M)        0.00       0.00 r
  alu/ALU_OUT_reg[1]/Q (SDFFRQX2M)         0.37       0.37 r
  alu/ALU_OUT_reg[2]/SI (SDFFRQX2M)        0.00       0.37 r
  data arrival time                                   0.37

  clock GATED_CLK (rise edge)              0.00       0.00
  clock network delay (ideal)              0.00       0.00
  clock uncertainty                        0.10       0.10
  alu/ALU_OUT_reg[2]/CK (SDFFRQX2M)        0.00       0.10 r
  library hold time                       -0.18      -0.08
  data required time                                 -0.08
  -----------------------------------------------------------
  data required time                                 -0.08
  data arrival time                                  -0.37
  -----------------------------------------------------------
  slack (MET)                                         0.45


  Startpoint: alu/ALU_OUT_reg[0]
              (rising edge-triggered flip-flop clocked by GATED_CLK)
  Endpoint: alu/ALU_OUT_reg[1]
            (rising edge-triggered flip-flop clocked by GATED_CLK)
  Path Group: GATED_CLK
  Path Type: min

  Point                                    Incr       Path
  -----------------------------------------------------------
  clock GATED_CLK (rise edge)              0.00       0.00
  clock network delay (ideal)              0.00       0.00
  alu/ALU_OUT_reg[0]/CK (SDFFRQX2M)        0.00       0.00 r
  alu/ALU_OUT_reg[0]/Q (SDFFRQX2M)         0.37       0.37 r
  alu/ALU_OUT_reg[1]/SI (SDFFRQX2M)        0.00       0.37 r
  data arrival time                                   0.37

  clock GATED_CLK (rise edge)              0.00       0.00
  clock network delay (ideal)              0.00       0.00
  clock uncertainty                        0.10       0.10
  alu/ALU_OUT_reg[1]/CK (SDFFRQX2M)        0.00       0.10 r
  library hold time                       -0.18      -0.08
  data required time                                 -0.08
  -----------------------------------------------------------
  data required time                                 -0.08
  data arrival time                                  -0.37
  -----------------------------------------------------------
  slack (MET)                                         0.45


  Startpoint: alu/ALU_OUT_reg[15]
              (rising edge-triggered flip-flop clocked by GATED_CLK)
  Endpoint: alu/OUT_VALID_reg
            (rising edge-triggered flip-flop clocked by GATED_CLK)
  Path Group: GATED_CLK
  Path Type: min

  Point                                    Incr       Path
  -----------------------------------------------------------
  clock GATED_CLK (rise edge)              0.00       0.00
  clock network delay (ideal)              0.00       0.00
  alu/ALU_OUT_reg[15]/CK (SDFFRQX2M)       0.00       0.00 r
  alu/ALU_OUT_reg[15]/Q (SDFFRQX2M)        0.37       0.37 r
  alu/OUT_VALID_reg/SI (SDFFRQX2M)         0.00       0.37 r
  data arrival time                                   0.37

  clock GATED_CLK (rise edge)              0.00       0.00
  clock network delay (ideal)              0.00       0.00
  clock uncertainty                        0.10       0.10
  alu/OUT_VALID_reg/CK (SDFFRQX2M)         0.00       0.10 r
  library hold time                       -0.18      -0.08
  data required time                                 -0.08
  -----------------------------------------------------------
  data required time                                 -0.08
  data arrival time                                  -0.37
  -----------------------------------------------------------
  slack (MET)                                         0.45


  Startpoint: alu/ALU_OUT_reg[14]
              (rising edge-triggered flip-flop clocked by GATED_CLK)
  Endpoint: alu/ALU_OUT_reg[15]
            (rising edge-triggered flip-flop clocked by GATED_CLK)
  Path Group: GATED_CLK
  Path Type: min

  Point                                    Incr       Path
  -----------------------------------------------------------
  clock GATED_CLK (rise edge)              0.00       0.00
  clock network delay (ideal)              0.00       0.00
  alu/ALU_OUT_reg[14]/CK (SDFFRQX2M)       0.00       0.00 r
  alu/ALU_OUT_reg[14]/Q (SDFFRQX2M)        0.37       0.37 r
  alu/ALU_OUT_reg[15]/SI (SDFFRQX2M)       0.00       0.37 r
  data arrival time                                   0.37

  clock GATED_CLK (rise edge)              0.00       0.00
  clock network delay (ideal)              0.00       0.00
  clock uncertainty                        0.10       0.10
  alu/ALU_OUT_reg[15]/CK (SDFFRQX2M)       0.00       0.10 r
  library hold time                       -0.18      -0.08
  data required time                                 -0.08
  -----------------------------------------------------------
  data required time                                 -0.08
  data arrival time                                  -0.37
  -----------------------------------------------------------
  slack (MET)                                         0.45


  Startpoint: alu/ALU_OUT_reg[13]
              (rising edge-triggered flip-flop clocked by GATED_CLK)
  Endpoint: alu/ALU_OUT_reg[14]
            (rising edge-triggered flip-flop clocked by GATED_CLK)
  Path Group: GATED_CLK
  Path Type: min

  Point                                    Incr       Path
  -----------------------------------------------------------
  clock GATED_CLK (rise edge)              0.00       0.00
  clock network delay (ideal)              0.00       0.00
  alu/ALU_OUT_reg[13]/CK (SDFFRQX2M)       0.00       0.00 r
  alu/ALU_OUT_reg[13]/Q (SDFFRQX2M)        0.37       0.37 r
  alu/ALU_OUT_reg[14]/SI (SDFFRQX2M)       0.00       0.37 r
  data arrival time                                   0.37

  clock GATED_CLK (rise edge)              0.00       0.00
  clock network delay (ideal)              0.00       0.00
  clock uncertainty                        0.10       0.10
  alu/ALU_OUT_reg[14]/CK (SDFFRQX2M)       0.00       0.10 r
  library hold time                       -0.18      -0.08
  data required time                                 -0.08
  -----------------------------------------------------------
  data required time                                 -0.08
  data arrival time                                  -0.37
  -----------------------------------------------------------
  slack (MET)                                         0.45


  Startpoint: alu/ALU_OUT_reg[12]
              (rising edge-triggered flip-flop clocked by GATED_CLK)
  Endpoint: alu/ALU_OUT_reg[13]
            (rising edge-triggered flip-flop clocked by GATED_CLK)
  Path Group: GATED_CLK
  Path Type: min

  Point                                    Incr       Path
  -----------------------------------------------------------
  clock GATED_CLK (rise edge)              0.00       0.00
  clock network delay (ideal)              0.00       0.00
  alu/ALU_OUT_reg[12]/CK (SDFFRQX2M)       0.00       0.00 r
  alu/ALU_OUT_reg[12]/Q (SDFFRQX2M)        0.37       0.37 r
  alu/ALU_OUT_reg[13]/SI (SDFFRQX2M)       0.00       0.37 r
  data arrival time                                   0.37

  clock GATED_CLK (rise edge)              0.00       0.00
  clock network delay (ideal)              0.00       0.00
  clock uncertainty                        0.10       0.10
  alu/ALU_OUT_reg[13]/CK (SDFFRQX2M)       0.00       0.10 r
  library hold time                       -0.18      -0.08
  data required time                                 -0.08
  -----------------------------------------------------------
  data required time                                 -0.08
  data arrival time                                  -0.37
  -----------------------------------------------------------
  slack (MET)                                         0.45


  Startpoint: alu/ALU_OUT_reg[11]
              (rising edge-triggered flip-flop clocked by GATED_CLK)
  Endpoint: alu/ALU_OUT_reg[12]
            (rising edge-triggered flip-flop clocked by GATED_CLK)
  Path Group: GATED_CLK
  Path Type: min

  Point                                    Incr       Path
  -----------------------------------------------------------
  clock GATED_CLK (rise edge)              0.00       0.00
  clock network delay (ideal)              0.00       0.00
  alu/ALU_OUT_reg[11]/CK (SDFFRQX2M)       0.00       0.00 r
  alu/ALU_OUT_reg[11]/Q (SDFFRQX2M)        0.37       0.37 r
  alu/ALU_OUT_reg[12]/SI (SDFFRQX2M)       0.00       0.37 r
  data arrival time                                   0.37

  clock GATED_CLK (rise edge)              0.00       0.00
  clock network delay (ideal)              0.00       0.00
  clock uncertainty                        0.10       0.10
  alu/ALU_OUT_reg[12]/CK (SDFFRQX2M)       0.00       0.10 r
  library hold time                       -0.18      -0.08
  data required time                                 -0.08
  -----------------------------------------------------------
  data required time                                 -0.08
  data arrival time                                  -0.37
  -----------------------------------------------------------
  slack (MET)                                         0.45


  Startpoint: alu/ALU_OUT_reg[10]
              (rising edge-triggered flip-flop clocked by GATED_CLK)
  Endpoint: alu/ALU_OUT_reg[11]
            (rising edge-triggered flip-flop clocked by GATED_CLK)
  Path Group: GATED_CLK
  Path Type: min

  Point                                    Incr       Path
  -----------------------------------------------------------
  clock GATED_CLK (rise edge)              0.00       0.00
  clock network delay (ideal)              0.00       0.00
  alu/ALU_OUT_reg[10]/CK (SDFFRQX2M)       0.00       0.00 r
  alu/ALU_OUT_reg[10]/Q (SDFFRQX2M)        0.37       0.37 r
  alu/ALU_OUT_reg[11]/SI (SDFFRQX2M)       0.00       0.37 r
  data arrival time                                   0.37

  clock GATED_CLK (rise edge)              0.00       0.00
  clock network delay (ideal)              0.00       0.00
  clock uncertainty                        0.10       0.10
  alu/ALU_OUT_reg[11]/CK (SDFFRQX2M)       0.00       0.10 r
  library hold time                       -0.18      -0.08
  data required time                                 -0.08
  -----------------------------------------------------------
  data required time                                 -0.08
  data arrival time                                  -0.37
  -----------------------------------------------------------
  slack (MET)                                         0.45


  Startpoint: alu/ALU_OUT_reg[9]
              (rising edge-triggered flip-flop clocked by GATED_CLK)
  Endpoint: alu/ALU_OUT_reg[10]
            (rising edge-triggered flip-flop clocked by GATED_CLK)
  Path Group: GATED_CLK
  Path Type: min

  Point                                    Incr       Path
  -----------------------------------------------------------
  clock GATED_CLK (rise edge)              0.00       0.00
  clock network delay (ideal)              0.00       0.00
  alu/ALU_OUT_reg[9]/CK (SDFFRQX2M)        0.00       0.00 r
  alu/ALU_OUT_reg[9]/Q (SDFFRQX2M)         0.37       0.37 r
  alu/ALU_OUT_reg[10]/SI (SDFFRQX2M)       0.00       0.37 r
  data arrival time                                   0.37

  clock GATED_CLK (rise edge)              0.00       0.00
  clock network delay (ideal)              0.00       0.00
  clock uncertainty                        0.10       0.10
  alu/ALU_OUT_reg[10]/CK (SDFFRQX2M)       0.00       0.10 r
  library hold time                       -0.18      -0.08
  data required time                                 -0.08
  -----------------------------------------------------------
  data required time                                 -0.08
  data arrival time                                  -0.37
  -----------------------------------------------------------
  slack (MET)                                         0.45


  Startpoint: alu/ALU_OUT_reg[7]
              (rising edge-triggered flip-flop clocked by GATED_CLK)
  Endpoint: alu/ALU_OUT_reg[8]
            (rising edge-triggered flip-flop clocked by GATED_CLK)
  Path Group: GATED_CLK
  Path Type: min

  Point                                    Incr       Path
  -----------------------------------------------------------
  clock GATED_CLK (rise edge)              0.00       0.00
  clock network delay (ideal)              0.00       0.00
  alu/ALU_OUT_reg[7]/CK (SDFFRQX2M)        0.00       0.00 r
  alu/ALU_OUT_reg[7]/Q (SDFFRQX2M)         0.37       0.37 r
  alu/ALU_OUT_reg[8]/SI (SDFFRQX1M)        0.00       0.37 r
  data arrival time                                   0.37

  clock GATED_CLK (rise edge)              0.00       0.00
  clock network delay (ideal)              0.00       0.00
  clock uncertainty                        0.10       0.10
  alu/ALU_OUT_reg[8]/CK (SDFFRQX1M)        0.00       0.10 r
  library hold time                       -0.19      -0.09
  data required time                                 -0.09
  -----------------------------------------------------------
  data required time                                 -0.09
  data arrival time                                  -0.37
  -----------------------------------------------------------
  slack (MET)                                         0.47


  Startpoint: alu/ALU_OUT_reg[8]
              (rising edge-triggered flip-flop clocked by GATED_CLK)
  Endpoint: alu/ALU_OUT_reg[9]
            (rising edge-triggered flip-flop clocked by GATED_CLK)
  Path Group: GATED_CLK
  Path Type: min

  Point                                    Incr       Path
  -----------------------------------------------------------
  clock GATED_CLK (rise edge)              0.00       0.00
  clock network delay (ideal)              0.00       0.00
  alu/ALU_OUT_reg[8]/CK (SDFFRQX1M)        0.00       0.00 r
  alu/ALU_OUT_reg[8]/Q (SDFFRQX1M)         0.42       0.42 r
  alu/ALU_OUT_reg[9]/SI (SDFFRQX2M)        0.00       0.42 r
  data arrival time                                   0.42

  clock GATED_CLK (rise edge)              0.00       0.00
  clock network delay (ideal)              0.00       0.00
  clock uncertainty                        0.10       0.10
  alu/ALU_OUT_reg[9]/CK (SDFFRQX2M)        0.00       0.10 r
  library hold time                       -0.19      -0.09
  data required time                                 -0.09
  -----------------------------------------------------------
  data required time                                 -0.09
  data arrival time                                  -0.42
  -----------------------------------------------------------
  slack (MET)                                         0.50


  Startpoint: alu/ALU_OUT_reg[7]
              (rising edge-triggered flip-flop clocked by GATED_CLK)
  Endpoint: alu/ALU_OUT_reg[7]
            (rising edge-triggered flip-flop clocked by GATED_CLK)
  Path Group: GATED_CLK
  Path Type: min

  Point                                    Incr       Path
  -----------------------------------------------------------
  clock GATED_CLK (rise edge)              0.00       0.00
  clock network delay (ideal)              0.00       0.00
  alu/ALU_OUT_reg[7]/CK (SDFFRQX2M)        0.00       0.00 r
  alu/ALU_OUT_reg[7]/Q (SDFFRQX2M)         0.37       0.37 r
  alu/U118/Y (AO21XLM)                     0.16       0.53 r
  alu/ALU_OUT_reg[7]/D (SDFFRQX2M)         0.00       0.53 r
  data arrival time                                   0.53

  clock GATED_CLK (rise edge)              0.00       0.00
  clock network delay (ideal)              0.00       0.00
  clock uncertainty                        0.10       0.10
  alu/ALU_OUT_reg[7]/CK (SDFFRQX2M)        0.00       0.10 r
  library hold time                       -0.16      -0.06
  data required time                                 -0.06
  -----------------------------------------------------------
  data required time                                 -0.06
  data arrival time                                  -0.53
  -----------------------------------------------------------
  slack (MET)                                         0.59


  Startpoint: alu/ALU_OUT_reg[2]
              (rising edge-triggered flip-flop clocked by GATED_CLK)
  Endpoint: alu/ALU_OUT_reg[2]
            (rising edge-triggered flip-flop clocked by GATED_CLK)
  Path Group: GATED_CLK
  Path Type: min

  Point                                    Incr       Path
  -----------------------------------------------------------
  clock GATED_CLK (rise edge)              0.00       0.00
  clock network delay (ideal)              0.00       0.00
  alu/ALU_OUT_reg[2]/CK (SDFFRQX2M)        0.00       0.00 r
  alu/ALU_OUT_reg[2]/Q (SDFFRQX2M)         0.37       0.37 r
  alu/U98/Y (AO21XLM)                      0.16       0.53 r
  alu/ALU_OUT_reg[2]/D (SDFFRQX2M)         0.00       0.53 r
  data arrival time                                   0.53

  clock GATED_CLK (rise edge)              0.00       0.00
  clock network delay (ideal)              0.00       0.00
  clock uncertainty                        0.10       0.10
  alu/ALU_OUT_reg[2]/CK (SDFFRQX2M)        0.00       0.10 r
  library hold time                       -0.16      -0.06
  data required time                                 -0.06
  -----------------------------------------------------------
  data required time                                 -0.06
  data arrival time                                  -0.53
  -----------------------------------------------------------
  slack (MET)                                         0.59


  Startpoint: alu/ALU_OUT_reg[1]
              (rising edge-triggered flip-flop clocked by GATED_CLK)
  Endpoint: alu/ALU_OUT_reg[1]
            (rising edge-triggered flip-flop clocked by GATED_CLK)
  Path Group: GATED_CLK
  Path Type: min

  Point                                    Incr       Path
  -----------------------------------------------------------
  clock GATED_CLK (rise edge)              0.00       0.00
  clock network delay (ideal)              0.00       0.00
  alu/ALU_OUT_reg[1]/CK (SDFFRQX2M)        0.00       0.00 r
  alu/ALU_OUT_reg[1]/Q (SDFFRQX2M)         0.37       0.37 r
  alu/U94/Y (AO21XLM)                      0.16       0.53 r
  alu/ALU_OUT_reg[1]/D (SDFFRQX2M)         0.00       0.53 r
  data arrival time                                   0.53

  clock GATED_CLK (rise edge)              0.00       0.00
  clock network delay (ideal)              0.00       0.00
  clock uncertainty                        0.10       0.10
  alu/ALU_OUT_reg[1]/CK (SDFFRQX2M)        0.00       0.10 r
  library hold time                       -0.16      -0.06
  data required time                                 -0.06
  -----------------------------------------------------------
  data required time                                 -0.06
  data arrival time                                  -0.53
  -----------------------------------------------------------
  slack (MET)                                         0.59


  Startpoint: alu/ALU_OUT_reg[0]
              (rising edge-triggered flip-flop clocked by GATED_CLK)
  Endpoint: alu/ALU_OUT_reg[0]
            (rising edge-triggered flip-flop clocked by GATED_CLK)
  Path Group: GATED_CLK
  Path Type: min

  Point                                    Incr       Path
  -----------------------------------------------------------
  clock GATED_CLK (rise edge)              0.00       0.00
  clock network delay (ideal)              0.00       0.00
  alu/ALU_OUT_reg[0]/CK (SDFFRQX2M)        0.00       0.00 r
  alu/ALU_OUT_reg[0]/Q (SDFFRQX2M)         0.37       0.37 r
  alu/U90/Y (AO21XLM)                      0.16       0.53 r
  alu/ALU_OUT_reg[0]/D (SDFFRQX2M)         0.00       0.53 r
  data arrival time                                   0.53

  clock GATED_CLK (rise edge)              0.00       0.00
  clock network delay (ideal)              0.00       0.00
  clock uncertainty                        0.10       0.10
  alu/ALU_OUT_reg[0]/CK (SDFFRQX2M)        0.00       0.10 r
  library hold time                       -0.16      -0.06
  data required time                                 -0.06
  -----------------------------------------------------------
  data required time                                 -0.06
  data arrival time                                  -0.53
  -----------------------------------------------------------
  slack (MET)                                         0.59


  Startpoint: fifo/mem/mem_reg[7][7]
              (rising edge-triggered flip-flop clocked by SCAN_CLK)
  Endpoint: fifo/read_synch/internal_pointer_reg[0]
            (rising edge-triggered flip-flop clocked by SCAN_CLK)
  Path Group: SCAN_CLK
  Path Type: min

  Point                                                   Incr       Path
  --------------------------------------------------------------------------
  clock SCAN_CLK (rise edge)                              0.00       0.00
  clock network delay (ideal)                             0.00       0.00
  fifo/mem/mem_reg[7][7]/CK (SDFFQX2M)                    0.00       0.00 r
  fifo/mem/mem_reg[7][7]/Q (SDFFQX2M)                     0.33       0.33 r
  fifo/mem/test_so (Ram_test_1)                           0.00       0.33 r
  fifo/read_synch/test_si (Synchronizer_test_0)           0.00       0.33 r
  fifo/read_synch/internal_pointer_reg[0]/SI (SDFFRQX2M)
                                                          0.00       0.33 r
  data arrival time                                                  0.33

  clock SCAN_CLK (rise edge)                              0.00       0.00
  clock network delay (ideal)                             0.00       0.00
  clock uncertainty                                       0.10       0.10
  fifo/read_synch/internal_pointer_reg[0]/CK (SDFFRQX2M)
                                                          0.00       0.10 r
  library hold time                                      -0.18      -0.08
  data required time                                                -0.08
  --------------------------------------------------------------------------
  data required time                                                -0.08
  data arrival time                                                 -0.33
  --------------------------------------------------------------------------
  slack (MET)                                                        0.41


  Startpoint: fifo/read_synch/internal_pointer_reg[1]
              (rising edge-triggered flip-flop clocked by SCAN_CLK)
  Endpoint: fifo/read_synch/synchronized_pointer_reg[1]
            (rising edge-triggered flip-flop clocked by SCAN_CLK)
  Path Group: SCAN_CLK
  Path Type: min

  Point                                                   Incr       Path
  --------------------------------------------------------------------------
  clock SCAN_CLK (rise edge)                              0.00       0.00
  clock network delay (ideal)                             0.00       0.00
  fifo/read_synch/internal_pointer_reg[1]/CK (SDFFRQX2M)
                                                          0.00       0.00 r
  fifo/read_synch/internal_pointer_reg[1]/Q (SDFFRQX2M)
                                                          0.35       0.35 r
  fifo/read_synch/synchronized_pointer_reg[1]/D (SDFFRQX2M)
                                                          0.00       0.35 r
  data arrival time                                                  0.35

  clock SCAN_CLK (rise edge)                              0.00       0.00
  clock network delay (ideal)                             0.00       0.00
  clock uncertainty                                       0.10       0.10
  fifo/read_synch/synchronized_pointer_reg[1]/CK (SDFFRQX2M)
                                                          0.00       0.10 r
  library hold time                                      -0.16      -0.06
  data required time                                                -0.06
  --------------------------------------------------------------------------
  data required time                                                -0.06
  data arrival time                                                 -0.35
  --------------------------------------------------------------------------
  slack (MET)                                                        0.42


  Startpoint: fifo/read_synch/internal_pointer_reg[0]
              (rising edge-triggered flip-flop clocked by SCAN_CLK)
  Endpoint: fifo/read_synch/synchronized_pointer_reg[0]
            (rising edge-triggered flip-flop clocked by SCAN_CLK)
  Path Group: SCAN_CLK
  Path Type: min

  Point                                                   Incr       Path
  --------------------------------------------------------------------------
  clock SCAN_CLK (rise edge)                              0.00       0.00
  clock network delay (ideal)                             0.00       0.00
  fifo/read_synch/internal_pointer_reg[0]/CK (SDFFRQX2M)
                                                          0.00       0.00 r
  fifo/read_synch/internal_pointer_reg[0]/Q (SDFFRQX2M)
                                                          0.35       0.35 r
  fifo/read_synch/synchronized_pointer_reg[0]/D (SDFFRQX2M)
                                                          0.00       0.35 r
  data arrival time                                                  0.35

  clock SCAN_CLK (rise edge)                              0.00       0.00
  clock network delay (ideal)                             0.00       0.00
  clock uncertainty                                       0.10       0.10
  fifo/read_synch/synchronized_pointer_reg[0]/CK (SDFFRQX2M)
                                                          0.00       0.10 r
  library hold time                                      -0.16      -0.06
  data required time                                                -0.06
  --------------------------------------------------------------------------
  data required time                                                -0.06
  data arrival time                                                 -0.35
  --------------------------------------------------------------------------
  slack (MET)                                                        0.42


  Startpoint: fifo/read_synch/internal_pointer_reg[3]
              (rising edge-triggered flip-flop clocked by SCAN_CLK)
  Endpoint: fifo/read_synch/synchronized_pointer_reg[3]
            (rising edge-triggered flip-flop clocked by SCAN_CLK)
  Path Group: SCAN_CLK
  Path Type: min

  Point                                                   Incr       Path
  --------------------------------------------------------------------------
  clock SCAN_CLK (rise edge)                              0.00       0.00
  clock network delay (ideal)                             0.00       0.00
  fifo/read_synch/internal_pointer_reg[3]/CK (SDFFRQX2M)
                                                          0.00       0.00 r
  fifo/read_synch/internal_pointer_reg[3]/Q (SDFFRQX2M)
                                                          0.35       0.35 r
  fifo/read_synch/synchronized_pointer_reg[3]/D (SDFFRQX2M)
                                                          0.00       0.35 r
  data arrival time                                                  0.35

  clock SCAN_CLK (rise edge)                              0.00       0.00
  clock network delay (ideal)                             0.00       0.00
  clock uncertainty                                       0.10       0.10
  fifo/read_synch/synchronized_pointer_reg[3]/CK (SDFFRQX2M)
                                                          0.00       0.10 r
  library hold time                                      -0.16      -0.06
  data required time                                                -0.06
  --------------------------------------------------------------------------
  data required time                                                -0.06
  data arrival time                                                 -0.35
  --------------------------------------------------------------------------
  slack (MET)                                                        0.42


  Startpoint: fifo/read_synch/internal_pointer_reg[2]
              (rising edge-triggered flip-flop clocked by SCAN_CLK)
  Endpoint: fifo/read_synch/synchronized_pointer_reg[2]
            (rising edge-triggered flip-flop clocked by SCAN_CLK)
  Path Group: SCAN_CLK
  Path Type: min

  Point                                                   Incr       Path
  --------------------------------------------------------------------------
  clock SCAN_CLK (rise edge)                              0.00       0.00
  clock network delay (ideal)                             0.00       0.00
  fifo/read_synch/internal_pointer_reg[2]/CK (SDFFRQX2M)
                                                          0.00       0.00 r
  fifo/read_synch/internal_pointer_reg[2]/Q (SDFFRQX2M)
                                                          0.35       0.35 r
  fifo/read_synch/synchronized_pointer_reg[2]/D (SDFFRQX2M)
                                                          0.00       0.35 r
  data arrival time                                                  0.35

  clock SCAN_CLK (rise edge)                              0.00       0.00
  clock network delay (ideal)                             0.00       0.00
  clock uncertainty                                       0.10       0.10
  fifo/read_synch/synchronized_pointer_reg[2]/CK (SDFFRQX2M)
                                                          0.00       0.10 r
  library hold time                                      -0.16      -0.06
  data required time                                                -0.06
  --------------------------------------------------------------------------
  data required time                                                -0.06
  data arrival time                                                 -0.35
  --------------------------------------------------------------------------
  slack (MET)                                                        0.42


  Startpoint: fifo/write_synch/internal_pointer_reg[3]
              (rising edge-triggered flip-flop clocked by SCAN_CLK)
  Endpoint: fifo/write_synch/synchronized_pointer_reg[3]
            (rising edge-triggered flip-flop clocked by SCAN_CLK)
  Path Group: SCAN_CLK
  Path Type: min

  Point                                                   Incr       Path
  --------------------------------------------------------------------------
  clock SCAN_CLK (rise edge)                              0.00       0.00
  clock network delay (ideal)                             0.00       0.00
  fifo/write_synch/internal_pointer_reg[3]/CK (SDFFRQX2M)
                                                          0.00       0.00 r
  fifo/write_synch/internal_pointer_reg[3]/Q (SDFFRQX2M)
                                                          0.35       0.35 r
  fifo/write_synch/synchronized_pointer_reg[3]/D (SDFFRQX2M)
                                                          0.00       0.35 r
  data arrival time                                                  0.35

  clock SCAN_CLK (rise edge)                              0.00       0.00
  clock network delay (ideal)                             0.00       0.00
  clock uncertainty                                       0.10       0.10
  fifo/write_synch/synchronized_pointer_reg[3]/CK (SDFFRQX2M)
                                                          0.00       0.10 r
  library hold time                                      -0.16      -0.06
  data required time                                                -0.06
  --------------------------------------------------------------------------
  data required time                                                -0.06
  data arrival time                                                 -0.35
  --------------------------------------------------------------------------
  slack (MET)                                                        0.42


  Startpoint: fifo/write_synch/internal_pointer_reg[2]
              (rising edge-triggered flip-flop clocked by SCAN_CLK)
  Endpoint: fifo/write_synch/synchronized_pointer_reg[2]
            (rising edge-triggered flip-flop clocked by SCAN_CLK)
  Path Group: SCAN_CLK
  Path Type: min

  Point                                                   Incr       Path
  --------------------------------------------------------------------------
  clock SCAN_CLK (rise edge)                              0.00       0.00
  clock network delay (ideal)                             0.00       0.00
  fifo/write_synch/internal_pointer_reg[2]/CK (SDFFRQX2M)
                                                          0.00       0.00 r
  fifo/write_synch/internal_pointer_reg[2]/Q (SDFFRQX2M)
                                                          0.35       0.35 r
  fifo/write_synch/synchronized_pointer_reg[2]/D (SDFFRQX2M)
                                                          0.00       0.35 r
  data arrival time                                                  0.35

  clock SCAN_CLK (rise edge)                              0.00       0.00
  clock network delay (ideal)                             0.00       0.00
  clock uncertainty                                       0.10       0.10
  fifo/write_synch/synchronized_pointer_reg[2]/CK (SDFFRQX2M)
                                                          0.00       0.10 r
  library hold time                                      -0.16      -0.06
  data required time                                                -0.06
  --------------------------------------------------------------------------
  data required time                                                -0.06
  data arrival time                                                 -0.35
  --------------------------------------------------------------------------
  slack (MET)                                                        0.42


  Startpoint: fifo/write_synch/internal_pointer_reg[1]
              (rising edge-triggered flip-flop clocked by SCAN_CLK)
  Endpoint: fifo/write_synch/synchronized_pointer_reg[1]
            (rising edge-triggered flip-flop clocked by SCAN_CLK)
  Path Group: SCAN_CLK
  Path Type: min

  Point                                                   Incr       Path
  --------------------------------------------------------------------------
  clock SCAN_CLK (rise edge)                              0.00       0.00
  clock network delay (ideal)                             0.00       0.00
  fifo/write_synch/internal_pointer_reg[1]/CK (SDFFRQX2M)
                                                          0.00       0.00 r
  fifo/write_synch/internal_pointer_reg[1]/Q (SDFFRQX2M)
                                                          0.35       0.35 r
  fifo/write_synch/synchronized_pointer_reg[1]/D (SDFFRQX2M)
                                                          0.00       0.35 r
  data arrival time                                                  0.35

  clock SCAN_CLK (rise edge)                              0.00       0.00
  clock network delay (ideal)                             0.00       0.00
  clock uncertainty                                       0.10       0.10
  fifo/write_synch/synchronized_pointer_reg[1]/CK (SDFFRQX2M)
                                                          0.00       0.10 r
  library hold time                                      -0.16      -0.06
  data required time                                                -0.06
  --------------------------------------------------------------------------
  data required time                                                -0.06
  data arrival time                                                 -0.35
  --------------------------------------------------------------------------
  slack (MET)                                                        0.42


  Startpoint: fifo/write_synch/internal_pointer_reg[0]
              (rising edge-triggered flip-flop clocked by SCAN_CLK)
  Endpoint: fifo/write_synch/synchronized_pointer_reg[0]
            (rising edge-triggered flip-flop clocked by SCAN_CLK)
  Path Group: SCAN_CLK
  Path Type: min

  Point                                                   Incr       Path
  --------------------------------------------------------------------------
  clock SCAN_CLK (rise edge)                              0.00       0.00
  clock network delay (ideal)                             0.00       0.00
  fifo/write_synch/internal_pointer_reg[0]/CK (SDFFRQX2M)
                                                          0.00       0.00 r
  fifo/write_synch/internal_pointer_reg[0]/Q (SDFFRQX2M)
                                                          0.35       0.35 r
  fifo/write_synch/synchronized_pointer_reg[0]/D (SDFFRQX2M)
                                                          0.00       0.35 r
  data arrival time                                                  0.35

  clock SCAN_CLK (rise edge)                              0.00       0.00
  clock network delay (ideal)                             0.00       0.00
  clock uncertainty                                       0.10       0.10
  fifo/write_synch/synchronized_pointer_reg[0]/CK (SDFFRQX2M)
                                                          0.00       0.10 r
  library hold time                                      -0.16      -0.06
  data required time                                                -0.06
  --------------------------------------------------------------------------
  data required time                                                -0.06
  data arrival time                                                 -0.35
  --------------------------------------------------------------------------
  slack (MET)                                                        0.42


  Startpoint: data_synch/enable_reg
              (rising edge-triggered flip-flop clocked by SCAN_CLK)
  Endpoint: data_synch/ex_enable_reg
            (rising edge-triggered flip-flop clocked by SCAN_CLK)
  Path Group: SCAN_CLK
  Path Type: min

  Point                                                   Incr       Path
  --------------------------------------------------------------------------
  clock SCAN_CLK (rise edge)                              0.00       0.00
  clock network delay (ideal)                             0.00       0.00
  data_synch/enable_reg/CK (SDFFRQX2M)                    0.00       0.00 r
  data_synch/enable_reg/Q (SDFFRQX2M)                     0.35       0.35 r
  data_synch/ex_enable_reg/D (SDFFRQX2M)                  0.00       0.35 r
  data arrival time                                                  0.35

  clock SCAN_CLK (rise edge)                              0.00       0.00
  clock network delay (ideal)                             0.00       0.00
  clock uncertainty                                       0.10       0.10
  data_synch/ex_enable_reg/CK (SDFFRQX2M)                 0.00       0.10 r
  library hold time                                      -0.16      -0.06
  data required time                                                -0.06
  --------------------------------------------------------------------------
  data required time                                                -0.06
  data arrival time                                                 -0.35
  --------------------------------------------------------------------------
  slack (MET)                                                        0.42


  Startpoint: fifo/mem/mem_reg[2][7]
              (rising edge-triggered flip-flop clocked by SCAN_CLK)
  Endpoint: fifo/mem/mem_reg[3][0]
            (rising edge-triggered flip-flop clocked by SCAN_CLK)
  Path Group: SCAN_CLK
  Path Type: min

  Point                                                   Incr       Path
  --------------------------------------------------------------------------
  clock SCAN_CLK (rise edge)                              0.00       0.00
  clock network delay (ideal)                             0.00       0.00
  fifo/mem/mem_reg[2][7]/CK (SDFFQX2M)                    0.00       0.00 r
  fifo/mem/mem_reg[2][7]/Q (SDFFQX2M)                     0.33       0.33 r
  fifo/mem/mem_reg[3][0]/SI (SDFFQX2M)                    0.00       0.33 r
  data arrival time                                                  0.33

  clock SCAN_CLK (rise edge)                              0.00       0.00
  clock network delay (ideal)                             0.00       0.00
  clock uncertainty                                       0.10       0.10
  fifo/mem/mem_reg[3][0]/CK (SDFFQX2M)                    0.00       0.10 r
  library hold time                                      -0.20      -0.10
  data required time                                                -0.10
  --------------------------------------------------------------------------
  data required time                                                -0.10
  data arrival time                                                 -0.33
  --------------------------------------------------------------------------
  slack (MET)                                                        0.43


  Startpoint: fifo/mem/mem_reg[2][6]
              (rising edge-triggered flip-flop clocked by SCAN_CLK)
  Endpoint: fifo/mem/mem_reg[2][7]
            (rising edge-triggered flip-flop clocked by SCAN_CLK)
  Path Group: SCAN_CLK
  Path Type: min

  Point                                                   Incr       Path
  --------------------------------------------------------------------------
  clock SCAN_CLK (rise edge)                              0.00       0.00
  clock network delay (ideal)                             0.00       0.00
  fifo/mem/mem_reg[2][6]/CK (SDFFQX2M)                    0.00       0.00 r
  fifo/mem/mem_reg[2][6]/Q (SDFFQX2M)                     0.33       0.33 r
  fifo/mem/mem_reg[2][7]/SI (SDFFQX2M)                    0.00       0.33 r
  data arrival time                                                  0.33

  clock SCAN_CLK (rise edge)                              0.00       0.00
  clock network delay (ideal)                             0.00       0.00
  clock uncertainty                                       0.10       0.10
  fifo/mem/mem_reg[2][7]/CK (SDFFQX2M)                    0.00       0.10 r
  library hold time                                      -0.20      -0.10
  data required time                                                -0.10
  --------------------------------------------------------------------------
  data required time                                                -0.10
  data arrival time                                                 -0.33
  --------------------------------------------------------------------------
  slack (MET)                                                        0.43


  Startpoint: fifo/mem/mem_reg[2][5]
              (rising edge-triggered flip-flop clocked by SCAN_CLK)
  Endpoint: fifo/mem/mem_reg[2][6]
            (rising edge-triggered flip-flop clocked by SCAN_CLK)
  Path Group: SCAN_CLK
  Path Type: min

  Point                                                   Incr       Path
  --------------------------------------------------------------------------
  clock SCAN_CLK (rise edge)                              0.00       0.00
  clock network delay (ideal)                             0.00       0.00
  fifo/mem/mem_reg[2][5]/CK (SDFFQX2M)                    0.00       0.00 r
  fifo/mem/mem_reg[2][5]/Q (SDFFQX2M)                     0.33       0.33 r
  fifo/mem/mem_reg[2][6]/SI (SDFFQX2M)                    0.00       0.33 r
  data arrival time                                                  0.33

  clock SCAN_CLK (rise edge)                              0.00       0.00
  clock network delay (ideal)                             0.00       0.00
  clock uncertainty                                       0.10       0.10
  fifo/mem/mem_reg[2][6]/CK (SDFFQX2M)                    0.00       0.10 r
  library hold time                                      -0.20      -0.10
  data required time                                                -0.10
  --------------------------------------------------------------------------
  data required time                                                -0.10
  data arrival time                                                 -0.33
  --------------------------------------------------------------------------
  slack (MET)                                                        0.43


  Startpoint: fifo/mem/mem_reg[2][4]
              (rising edge-triggered flip-flop clocked by SCAN_CLK)
  Endpoint: fifo/mem/mem_reg[2][5]
            (rising edge-triggered flip-flop clocked by SCAN_CLK)
  Path Group: SCAN_CLK
  Path Type: min

  Point                                                   Incr       Path
  --------------------------------------------------------------------------
  clock SCAN_CLK (rise edge)                              0.00       0.00
  clock network delay (ideal)                             0.00       0.00
  fifo/mem/mem_reg[2][4]/CK (SDFFQX2M)                    0.00       0.00 r
  fifo/mem/mem_reg[2][4]/Q (SDFFQX2M)                     0.33       0.33 r
  fifo/mem/mem_reg[2][5]/SI (SDFFQX2M)                    0.00       0.33 r
  data arrival time                                                  0.33

  clock SCAN_CLK (rise edge)                              0.00       0.00
  clock network delay (ideal)                             0.00       0.00
  clock uncertainty                                       0.10       0.10
  fifo/mem/mem_reg[2][5]/CK (SDFFQX2M)                    0.00       0.10 r
  library hold time                                      -0.20      -0.10
  data required time                                                -0.10
  --------------------------------------------------------------------------
  data required time                                                -0.10
  data arrival time                                                 -0.33
  --------------------------------------------------------------------------
  slack (MET)                                                        0.43


  Startpoint: fifo/mem/mem_reg[2][3]
              (rising edge-triggered flip-flop clocked by SCAN_CLK)
  Endpoint: fifo/mem/mem_reg[2][4]
            (rising edge-triggered flip-flop clocked by SCAN_CLK)
  Path Group: SCAN_CLK
  Path Type: min

  Point                                                   Incr       Path
  --------------------------------------------------------------------------
  clock SCAN_CLK (rise edge)                              0.00       0.00
  clock network delay (ideal)                             0.00       0.00
  fifo/mem/mem_reg[2][3]/CK (SDFFQX2M)                    0.00       0.00 r
  fifo/mem/mem_reg[2][3]/Q (SDFFQX2M)                     0.33       0.33 r
  fifo/mem/mem_reg[2][4]/SI (SDFFQX2M)                    0.00       0.33 r
  data arrival time                                                  0.33

  clock SCAN_CLK (rise edge)                              0.00       0.00
  clock network delay (ideal)                             0.00       0.00
  clock uncertainty                                       0.10       0.10
  fifo/mem/mem_reg[2][4]/CK (SDFFQX2M)                    0.00       0.10 r
  library hold time                                      -0.20      -0.10
  data required time                                                -0.10
  --------------------------------------------------------------------------
  data required time                                                -0.10
  data arrival time                                                 -0.33
  --------------------------------------------------------------------------
  slack (MET)                                                        0.43


  Startpoint: fifo/mem/mem_reg[2][2]
              (rising edge-triggered flip-flop clocked by SCAN_CLK)
  Endpoint: fifo/mem/mem_reg[2][3]
            (rising edge-triggered flip-flop clocked by SCAN_CLK)
  Path Group: SCAN_CLK
  Path Type: min

  Point                                                   Incr       Path
  --------------------------------------------------------------------------
  clock SCAN_CLK (rise edge)                              0.00       0.00
  clock network delay (ideal)                             0.00       0.00
  fifo/mem/mem_reg[2][2]/CK (SDFFQX2M)                    0.00       0.00 r
  fifo/mem/mem_reg[2][2]/Q (SDFFQX2M)                     0.33       0.33 r
  fifo/mem/mem_reg[2][3]/SI (SDFFQX2M)                    0.00       0.33 r
  data arrival time                                                  0.33

  clock SCAN_CLK (rise edge)                              0.00       0.00
  clock network delay (ideal)                             0.00       0.00
  clock uncertainty                                       0.10       0.10
  fifo/mem/mem_reg[2][3]/CK (SDFFQX2M)                    0.00       0.10 r
  library hold time                                      -0.20      -0.10
  data required time                                                -0.10
  --------------------------------------------------------------------------
  data required time                                                -0.10
  data arrival time                                                 -0.33
  --------------------------------------------------------------------------
  slack (MET)                                                        0.43


  Startpoint: fifo/mem/mem_reg[2][1]
              (rising edge-triggered flip-flop clocked by SCAN_CLK)
  Endpoint: fifo/mem/mem_reg[2][2]
            (rising edge-triggered flip-flop clocked by SCAN_CLK)
  Path Group: SCAN_CLK
  Path Type: min

  Point                                                   Incr       Path
  --------------------------------------------------------------------------
  clock SCAN_CLK (rise edge)                              0.00       0.00
  clock network delay (ideal)                             0.00       0.00
  fifo/mem/mem_reg[2][1]/CK (SDFFQX2M)                    0.00       0.00 r
  fifo/mem/mem_reg[2][1]/Q (SDFFQX2M)                     0.33       0.33 r
  fifo/mem/mem_reg[2][2]/SI (SDFFQX2M)                    0.00       0.33 r
  data arrival time                                                  0.33

  clock SCAN_CLK (rise edge)                              0.00       0.00
  clock network delay (ideal)                             0.00       0.00
  clock uncertainty                                       0.10       0.10
  fifo/mem/mem_reg[2][2]/CK (SDFFQX2M)                    0.00       0.10 r
  library hold time                                      -0.20      -0.10
  data required time                                                -0.10
  --------------------------------------------------------------------------
  data required time                                                -0.10
  data arrival time                                                 -0.33
  --------------------------------------------------------------------------
  slack (MET)                                                        0.43


  Startpoint: fifo/mem/mem_reg[2][0]
              (rising edge-triggered flip-flop clocked by SCAN_CLK)
  Endpoint: fifo/mem/mem_reg[2][1]
            (rising edge-triggered flip-flop clocked by SCAN_CLK)
  Path Group: SCAN_CLK
  Path Type: min

  Point                                                   Incr       Path
  --------------------------------------------------------------------------
  clock SCAN_CLK (rise edge)                              0.00       0.00
  clock network delay (ideal)                             0.00       0.00
  fifo/mem/mem_reg[2][0]/CK (SDFFQX2M)                    0.00       0.00 r
  fifo/mem/mem_reg[2][0]/Q (SDFFQX2M)                     0.33       0.33 r
  fifo/mem/mem_reg[2][1]/SI (SDFFQX2M)                    0.00       0.33 r
  data arrival time                                                  0.33

  clock SCAN_CLK (rise edge)                              0.00       0.00
  clock network delay (ideal)                             0.00       0.00
  clock uncertainty                                       0.10       0.10
  fifo/mem/mem_reg[2][1]/CK (SDFFQX2M)                    0.00       0.10 r
  library hold time                                      -0.20      -0.10
  data required time                                                -0.10
  --------------------------------------------------------------------------
  data required time                                                -0.10
  data arrival time                                                 -0.33
  --------------------------------------------------------------------------
  slack (MET)                                                        0.43


  Startpoint: fifo/mem/mem_reg[6][1]
              (rising edge-triggered flip-flop clocked by SCAN_CLK)
  Endpoint: fifo/mem/mem_reg[6][2]
            (rising edge-triggered flip-flop clocked by SCAN_CLK)
  Path Group: SCAN_CLK
  Path Type: min

  Point                                                   Incr       Path
  --------------------------------------------------------------------------
  clock SCAN_CLK (rise edge)                              0.00       0.00
  clock network delay (ideal)                             0.00       0.00
  fifo/mem/mem_reg[6][1]/CK (SDFFQX2M)                    0.00       0.00 r
  fifo/mem/mem_reg[6][1]/Q (SDFFQX2M)                     0.33       0.33 r
  fifo/mem/mem_reg[6][2]/SI (SDFFQX2M)                    0.00       0.33 r
  data arrival time                                                  0.33

  clock SCAN_CLK (rise edge)                              0.00       0.00
  clock network delay (ideal)                             0.00       0.00
  clock uncertainty                                       0.10       0.10
  fifo/mem/mem_reg[6][2]/CK (SDFFQX2M)                    0.00       0.10 r
  library hold time                                      -0.20      -0.10
  data required time                                                -0.10
  --------------------------------------------------------------------------
  data required time                                                -0.10
  data arrival time                                                 -0.33
  --------------------------------------------------------------------------
  slack (MET)                                                        0.43


  Startpoint: fifo/mem/mem_reg[6][0]
              (rising edge-triggered flip-flop clocked by SCAN_CLK)
  Endpoint: fifo/mem/mem_reg[6][1]
            (rising edge-triggered flip-flop clocked by SCAN_CLK)
  Path Group: SCAN_CLK
  Path Type: min

  Point                                                   Incr       Path
  --------------------------------------------------------------------------
  clock SCAN_CLK (rise edge)                              0.00       0.00
  clock network delay (ideal)                             0.00       0.00
  fifo/mem/mem_reg[6][0]/CK (SDFFQX2M)                    0.00       0.00 r
  fifo/mem/mem_reg[6][0]/Q (SDFFQX2M)                     0.33       0.33 r
  fifo/mem/mem_reg[6][1]/SI (SDFFQX2M)                    0.00       0.33 r
  data arrival time                                                  0.33

  clock SCAN_CLK (rise edge)                              0.00       0.00
  clock network delay (ideal)                             0.00       0.00
  clock uncertainty                                       0.10       0.10
  fifo/mem/mem_reg[6][1]/CK (SDFFQX2M)                    0.00       0.10 r
  library hold time                                      -0.20      -0.10
  data required time                                                -0.10
  --------------------------------------------------------------------------
  data required time                                                -0.10
  data arrival time                                                 -0.33
  --------------------------------------------------------------------------
  slack (MET)                                                        0.43


1
